c:\users\chan\desktop\test\grabcutmakeuiwithmfc2\grabcutmakeuiwithmfc2\x64\debug\grabcutmakeuiwithmfc2.pch
c:\users\chan\desktop\test\grabcutmakeuiwithmfc2\grabcutmakeuiwithmfc2\x64\debug\vc141.pdb
c:\users\chan\desktop\test\grabcutmakeuiwithmfc2\grabcutmakeuiwithmfc2\x64\debug\vc141.idb
c:\users\chan\desktop\test\grabcutmakeuiwithmfc2\grabcutmakeuiwithmfc2\x64\debug\stdafx.obj
c:\users\chan\desktop\test\grabcutmakeuiwithmfc2\grabcutmakeuiwithmfc2\x64\debug\grabcut.obj
c:\users\chan\desktop\test\grabcutmakeuiwithmfc2\grabcutmakeuiwithmfc2\x64\debug\grabcutmakeuiwithmfc2.obj
c:\users\chan\desktop\test\grabcutmakeuiwithmfc2\grabcutmakeuiwithmfc2\x64\debug\grabcutoutput.obj
c:\users\chan\desktop\test\grabcutmakeuiwithmfc2\grabcutmakeuiwithmfc2\x64\debug\grabcutmakeuiwithmfc2dlg.obj
c:\users\chan\desktop\test\grabcutmakeuiwithmfc2\grabcutmakeuiwithmfc2\x64\debug\grabcutmakeuiwithmfc2.res
c:\users\chan\desktop\test\grabcutmakeuiwithmfc2\x64\debug\grabcutmakeuiwithmfc2.pdb
c:\users\chan\desktop\test\grabcutmakeuiwithmfc2\x64\debug\grabcutmakeuiwithmfc2.exe
c:\users\chan\desktop\test\grabcutmakeuiwithmfc2\x64\debug\grabcutmakeuiwithmfc2.ilk
c:\users\chan\desktop\test\grabcutmakeuiwithmfc2\grabcutmakeuiwithmfc2\x64\debug\grabcutm.6291d693.tlog\cl.command.1.tlog
c:\users\chan\desktop\test\grabcutmakeuiwithmfc2\grabcutmakeuiwithmfc2\x64\debug\grabcutm.6291d693.tlog\cl.read.1.tlog
c:\users\chan\desktop\test\grabcutmakeuiwithmfc2\grabcutmakeuiwithmfc2\x64\debug\grabcutm.6291d693.tlog\cl.write.1.tlog
c:\users\chan\desktop\test\grabcutmakeuiwithmfc2\grabcutmakeuiwithmfc2\x64\debug\grabcutm.6291d693.tlog\link.command.1.tlog
c:\users\chan\desktop\test\grabcutmakeuiwithmfc2\grabcutmakeuiwithmfc2\x64\debug\grabcutm.6291d693.tlog\link.read.1.tlog
c:\users\chan\desktop\test\grabcutmakeuiwithmfc2\grabcutmakeuiwithmfc2\x64\debug\grabcutm.6291d693.tlog\link.write.1.tlog
c:\users\chan\desktop\test\grabcutmakeuiwithmfc2\grabcutmakeuiwithmfc2\x64\debug\grabcutm.6291d693.tlog\rc.command.1.tlog
c:\users\chan\desktop\test\grabcutmakeuiwithmfc2\grabcutmakeuiwithmfc2\x64\debug\grabcutm.6291d693.tlog\rc.read.1.tlog
c:\users\chan\desktop\test\grabcutmakeuiwithmfc2\grabcutmakeuiwithmfc2\x64\debug\grabcutm.6291d693.tlog\rc.write.1.tlog
