  DlgTab2.cpp
c:\opencv\build\include\opencv2\core\mat.hpp(2586): warning C4819: 현재 코드 페이지(949)에서 표시할 수 없는 문자가 파일에 들어 있습니다. 데이터가 손실되지 않게 하려면 해당 파일을 유니코드 형식으로 저장하십시오.
c:\opencv\build\include\opencv2\core\persistence.hpp : warning C4819: 현재 코드 페이지(949)에서 표시할 수 없는 문자가 파일에 들어 있습니다. 데이터가 손실되지 않게 하려면 해당 파일을 유니코드 형식으로 저장하십시오.
c:\opencv\build\include\opencv2\core\utility.hpp : warning C4819: 현재 코드 페이지(949)에서 표시할 수 없는 문자가 파일에 들어 있습니다. 데이터가 손실되지 않게 하려면 해당 파일을 유니코드 형식으로 저장하십시오.
c:\opencv\build\include\opencv2\core\utility.hpp : warning C4819: 현재 코드 페이지(949)에서 표시할 수 없는 문자가 파일에 들어 있습니다. 데이터가 손실되지 않게 하려면 해당 파일을 유니코드 형식으로 저장하십시오.
c:\opencv\build\include\opencv2\flann\dist.h : warning C4819: 현재 코드 페이지(949)에서 표시할 수 없는 문자가 파일에 들어 있습니다. 데이터가 손실되지 않게 하려면 해당 파일을 유니코드 형식으로 저장하십시오.
c:\opencv\build\include\opencv2\imgproc.hpp : warning C4819: 현재 코드 페이지(949)에서 표시할 수 없는 문자가 파일에 들어 있습니다. 데이터가 손실되지 않게 하려면 해당 파일을 유니코드 형식으로 저장하십시오.
c:\opencv\build\include\opencv2\imgproc.hpp(592): warning C4819: 현재 코드 페이지(949)에서 표시할 수 없는 문자가 파일에 들어 있습니다. 데이터가 손실되지 않게 하려면 해당 파일을 유니코드 형식으로 저장하십시오.
c:\opencv\build\include\opencv2\stitching\detail\motion_estimators.hpp : warning C4819: 현재 코드 페이지(949)에서 표시할 수 없는 문자가 파일에 들어 있습니다. 데이터가 손실되지 않게 하려면 해당 파일을 유니코드 형식으로 저장하십시오.
c:\opencv\build\include\opencv2\video\tracking.hpp(532): warning C4819: 현재 코드 페이지(949)에서 표시할 수 없는 문자가 파일에 들어 있습니다. 데이터가 손실되지 않게 하려면 해당 파일을 유니코드 형식으로 저장하십시오.
c:\users\chan\desktop\test\maptools\maptools\dlgtab2.cpp(316): warning C4305: '초기화 중': 'double'에서 'float'(으)로 잘립니다.
c:\users\chan\desktop\test\maptools\maptools\dlgtab2.cpp(484): warning C4244: '초기화 중': 'double'에서 'float'(으)로 변환하면서 데이터가 손실될 수 있습니다.
c:\users\chan\desktop\test\maptools\maptools\dlgtab2.cpp(485): warning C4244: '초기화 중': 'double'에서 'float'(으)로 변환하면서 데이터가 손실될 수 있습니다.
c:\users\chan\desktop\test\maptools\maptools\dlgtab2.cpp(486): warning C4244: '초기화 중': 'double'에서 'float'(으)로 변환하면서 데이터가 손실될 수 있습니다.
c:\users\chan\desktop\test\maptools\maptools\dlgtab2.cpp(503): warning C4244: '초기화 중': 'double'에서 'float'(으)로 변환하면서 데이터가 손실될 수 있습니다.
c:\users\chan\desktop\test\maptools\maptools\dlgtab2.cpp(504): warning C4244: '=': 'double'에서 'float'(으)로 변환하면서 데이터가 손실될 수 있습니다.
c:\users\chan\desktop\test\maptools\maptools\dlgtab2.cpp(505): warning C4244: '=': 'double'에서 'float'(으)로 변환하면서 데이터가 손실될 수 있습니다.
c:\users\chan\desktop\test\maptools\maptools\dlgtab2.cpp(510): warning C4244: '=': 'float'에서 'uchar'(으)로 변환하면서 데이터가 손실될 수 있습니다.
c:\users\chan\desktop\test\maptools\maptools\dlgtab2.cpp(511): warning C4244: '=': 'float'에서 'uchar'(으)로 변환하면서 데이터가 손실될 수 있습니다.
c:\users\chan\desktop\test\maptools\maptools\dlgtab2.cpp(512): warning C4244: '=': 'float'에서 'uchar'(으)로 변환하면서 데이터가 손실될 수 있습니다.
c:\users\chan\desktop\test\maptools\maptools\dlgtab2.cpp(553): warning C4244: '+=': 'double'에서 'int'(으)로 변환하면서 데이터가 손실될 수 있습니다.
c:\users\chan\desktop\test\maptools\maptools\dlgtab2.cpp(786): warning C4101: 'nPos' :참조되지 않은 지역 변수입니다.
c:\users\chan\desktop\test\maptools\maptools\dlgtab2.cpp(816): warning C4244: '=': 'double'에서 'LONG'(으)로 변환하면서 데이터가 손실될 수 있습니다.
c:\users\chan\desktop\test\maptools\maptools\dlgtab2.cpp(817): warning C4244: '=': 'double'에서 'LONG'(으)로 변환하면서 데이터가 손실될 수 있습니다.
LINK : fatal error LNK1168: C:\Users\Chan\Desktop\test\maptools\x64\Debug\maptools.exe을(를) 쓰기용으로 열 수 없습니다.
