c:\users\chan\desktop\maptools\maptools\x64\debug\maptools.pch
c:\users\chan\desktop\maptools\maptools\x64\debug\vc141.pdb
c:\users\chan\desktop\maptools\maptools\x64\debug\vc141.idb
c:\users\chan\desktop\maptools\maptools\x64\debug\stdafx.obj
c:\users\chan\desktop\maptools\maptools\x64\debug\controlview.obj
c:\users\chan\desktop\maptools\maptools\x64\debug\dlgtab2.obj
c:\users\chan\desktop\maptools\maptools\x64\debug\mainfrm.obj
c:\users\chan\desktop\maptools\maptools\x64\debug\maptools.obj
c:\users\chan\desktop\maptools\maptools\x64\debug\maptoolsdoc.obj
c:\users\chan\desktop\maptools\maptools\x64\debug\maptoolsview.obj
c:\users\chan\desktop\maptools\maptools\x64\debug\dlgtab1.obj
c:\users\chan\desktop\maptools\maptools\x64\debug\grabcut.obj
c:\users\chan\desktop\maptools\x64\debug\maptools.ilk
c:\users\chan\desktop\maptools\x64\debug\maptools.exe
c:\users\chan\desktop\maptools\x64\debug\maptools.pdb
c:\users\chan\desktop\maptools\maptools\x64\debug\maptools.res
c:\users\chan\desktop\maptools\maptools\x64\debug\vc140.idb
c:\users\chan\desktop\maptools\maptools\x64\debug\vc140.pdb
c:\users\chan\desktop\maptools\maptools\x64\debug\maptools.tlog\cl.command.1.tlog
c:\users\chan\desktop\maptools\maptools\x64\debug\maptools.tlog\cl.read.1.tlog
c:\users\chan\desktop\maptools\maptools\x64\debug\maptools.tlog\cl.write.1.tlog
c:\users\chan\desktop\maptools\maptools\x64\debug\maptools.tlog\link.command.1.tlog
c:\users\chan\desktop\maptools\maptools\x64\debug\maptools.tlog\link.read.1.tlog
c:\users\chan\desktop\maptools\maptools\x64\debug\maptools.tlog\link.write.1.tlog
c:\users\chan\desktop\maptools\maptools\x64\debug\maptools.tlog\rc.command.1.tlog
c:\users\chan\desktop\maptools\maptools\x64\debug\maptools.tlog\rc.read.1.tlog
c:\users\chan\desktop\maptools\maptools\x64\debug\maptools.tlog\rc.write.1.tlog
